[Appium] Welcome to Appium v1.8.1
[Appium] Non-default server args:
[Appium]   port: 49356
[Appium]   loglevel: info
[Appium]   chromeDriverPort: 49357
[Appium]   tmpDir: /var/folders/3_/t94x386x6s1fgmmcj10dzqzr0000gn/T//Katalon/Appium/Temp1548276531625
[Appium] Appium REST http interface listener started on 0.0.0.0:49356
[HTTP] --> GET /wd/hub/status
[HTTP] {}
[HTTP] <-- GET /wd/hub/status 200 17 ms - 83
[HTTP] 
[HTTP] --> POST /wd/hub/session
[HTTP] {"desiredCapabilities":{"app":"/Users/vibhakarsaraswat/Documents/devlernings/apks_and_ipas/Android-APKs/com.getdreams_2019-01-14.apk","autoGrantPermissions":true,"automationName":"uiautomator2","deviceName":"emulator-5554 (Android SDK built for x86 - Android 9)","fullReset":true,"newCommandTimeout":1800,"noReset":false,"platform":"ANDROID","platformName":"Android","udid":"emulator-5554"},"capabilities":{"desiredCapabilities":{"app":"/Users/vibhakarsaraswat/Documents/devlernings/apks_and_ipas/Android-APKs/com.getdreams_2019-01-14.apk","autoGrantPermissions":true,"automationName":"uiautomator2","deviceName":"emulator-5554 (Android SDK built for x86 - Android 9)","fullReset":true,"newCommandTimeout":1800,"noReset":false,"platform":"ANDROID","platformName":"Android","udid":"emulator-5554"},"firstMatch":[{"platformName":"android"}]}}
[Appium] Could not parse W3C capabilities: 'deviceName' can't be blank. Falling back to JSONWP protocol.
[Appium] The following capabilities were provided in the JSONWP desired capabilities that are missing in W3C capabilities: ["app","autoGrantPermissions","automationName","deviceName","fullReset","newCommandTimeout","noReset","platform","platformName","udid"]. Falling back to JSONWP protocol.
[Appium] Creating new AndroidUiautomator2Driver (v1.12.0) session
[Appium] Capabilities:
[Appium]   app: /Users/vibhakarsaraswat/Documents/devlernings/apks_and_ipas/Android-APKs/com.getdreams_2019-01-14.apk
[Appium]   autoGrantPermissions: true
[Appium]   automationName: uiautomator2
[Appium]   deviceName: emulator-5554 (Android SDK built for x86 - Android 9)
[Appium]   fullReset: true
[Appium]   newCommandTimeout: 1800
[Appium]   noReset: false
[Appium]   platform: ANDROID
[Appium]   platformName: Android
[Appium]   udid: emulator-5554
[BaseDriver] The following capabilities were provided, but are not recognized by appium: platform.
[BaseDriver] Session created with session id: 2918c5a2-b1f7-47be-b50e-e8311eb12660
[BaseDriver] Using local app '/Users/vibhakarsaraswat/Documents/devlernings/apks_and_ipas/Android-APKs/com.getdreams_2019-01-14.apk'
[AndroidDriver] Java version is: 1.8.0_181
[ADB] Checking whether adb is present
[ADB] Found 1 'build-tools' folders under '/Users/vibhakarsaraswat/.katalon/tools/android_sdk' (newest first):
[ADB]     /Users/vibhakarsaraswat/.katalon/tools/android_sdk/build-tools/28.0.3
[ADB] Using adb from /Users/vibhakarsaraswat/.katalon/tools/android_sdk/platform-tools/adb
[AndroidDriver] Retrieving device list
[AndroidDriver] Using device: emulator-5554
[ADB] Using the alternative activity name detection method because of: Could not find apkanalyzer in /Users/vibhakarsaraswat/.katalon/tools/android_sdk/platform-tools/apkanalyzer,/Users/vibhakarsaraswat/.katalon/tools/android_sdk/emulator/apkanalyzer,/Users/vibhakarsaraswat/.katalon/tools/android_sdk/tools/apkanalyzer,/Users/vibhakarsaraswat/.katalon/tools/android_sdk/tools/bin/apkanalyzer,/Users/vibhakarsaraswat/.katalon/tools/android_sdk/build-tools/28.0.3/apkanalyzer. Do you have the Android SDK installed at '/Users/vibhakarsaraswat/.katalon/tools/android_sdk'?
[ADB] Checking whether aapt is present
[ADB] Using aapt from /Users/vibhakarsaraswat/.katalon/tools/android_sdk/build-tools/28.0.3/aapt
[ADB] Extracting package and launch activity from manifest
[ADB] Package name: 'com.getdreams'
[ADB] Main activity name: 'com.dreams.LauncherActivity'
[ADB] Getting device platform version
[ADB] Using apksigner from /Users/vibhakarsaraswat/.katalon/tools/android_sdk/build-tools/28.0.3/apksigner
[ADB] Cannot read version codes of '/usr/local/lib/node_modules/appium/node_modules/appium-uiautomator2-server/apks/appium-uiautomator2-server-debug-androidTest.apk' and/or 'io.appium.uiautomator2.server.test'
[ADB] Cannot read version names of '/usr/local/lib/node_modules/appium/node_modules/appium-uiautomator2-server/apks/appium-uiautomator2-server-debug-androidTest.apk' and/or 'io.appium.uiautomator2.server.test'. Assuming correct app version is already installed
[AndroidDriver] setDeviceLanguageCountry requires language or country.
[AndroidDriver] Got language: 'null' and country: 'null'
[ADB] Successfully extracted 1043 strings from '/Users/vibhakarsaraswat/Documents/devlernings/apks_and_ipas/Android-APKs/com.getdreams_2019-01-14.apk' resources for '(default)' configuration
[ADB] com.getdreams was not uninstalled, because it was not present on the device
[UiAutomator2] Starting uiautomator2 server 1.12.0
[UiAutomator2] Using UIAutomator2 server from '/usr/local/lib/node_modules/appium/node_modules/appium-uiautomator2-server/apks/appium-uiautomator2-server-v1.12.0.apk' and test from '/usr/local/lib/node_modules/appium/node_modules/appium-uiautomator2-server/apks/appium-uiautomator2-server-debug-androidTest.apk'
[UiAutomator2] Running command: 'adb -s emulator-5554 shell am instrument -w io.appium.uiautomator2.server.test/android.support.test.runner.AndroidJUnitRunner'
[UiAutomator2] Waiting up to 20000ms for UiAutomator2 to be online...
[AndroidDriver] Screen already unlocked, doing nothing
[UiAutomator2] UiAutomator2 did not start the activity we were waiting for, 'com.getdreams/com.dreams.LauncherActivity'. Starting it ourselves
[Appium] New AndroidUiautomator2Driver session created successfully, session 2918c5a2-b1f7-47be-b50e-e8311eb12660 added to master session list
[HTTP] <-- POST /wd/hub/session 200 26146 ms - 1279
[HTTP] 
[HTTP] --> GET /wd/hub/status
[HTTP] {}
[HTTP] <-- GET /wd/hub/status 200 34 ms - 55
[HTTP] 
[HTTP] --> POST /wd/hub/session/2918c5a2-b1f7-47be-b50e-e8311eb12660/timeouts
[HTTP] {"type":"implicit","ms":30000}
[HTTP] <-- POST /wd/hub/session/2918c5a2-b1f7-47be-b50e-e8311eb12660/timeouts 400 33 ms - 4196
[HTTP] 
[HTTP] --> GET /wd/hub/session/2918c5a2-b1f7-47be-b50e-e8311eb12660/window/current/size
[HTTP] {}
[W3C] Driver proxy active, passing request on via HTTP proxy
[JSONWP Proxy] Replacing sessionId daf531a8-6e7d-4003-b016-2696abf91b19 with 2918c5a2-b1f7-47be-b50e-e8311eb12660
[HTTP] <-- GET /wd/hub/session/2918c5a2-b1f7-47be-b50e-e8311eb12660/window/current/size 200 41 ms - 100
[HTTP] 
[HTTP] --> POST /wd/hub/session/2918c5a2-b1f7-47be-b50e-e8311eb12660/elements
[HTTP] {"using":"-android uiautomator","value":"new UiSelector().className(\"android.widget.Button\").text(\"NEXT\").resourceId(\"com.getdreams:id/next_button\").instance(0)"}
[HTTP] <-- POST /wd/hub/session/2918c5a2-b1f7-47be-b50e-e8311eb12660/elements 200 78 ms - 124
[HTTP] 
[HTTP] --> GET /wd/hub/session/2918c5a2-b1f7-47be-b50e-e8311eb12660
[HTTP] {}
[HTTP] <-- GET /wd/hub/session/2918c5a2-b1f7-47be-b50e-e8311eb12660 200 14 ms - 1279
[HTTP] 
[HTTP] --> GET /wd/hub/session/2918c5a2-b1f7-47be-b50e-e8311eb12660
[HTTP] {}
[HTTP] <-- GET /wd/hub/session/2918c5a2-b1f7-47be-b50e-e8311eb12660 200 11 ms - 1279
[HTTP] 
[HTTP] --> GET /wd/hub/session/2918c5a2-b1f7-47be-b50e-e8311eb12660
[HTTP] {}
[HTTP] <-- GET /wd/hub/session/2918c5a2-b1f7-47be-b50e-e8311eb12660 200 27 ms - 1279
[HTTP] 
[HTTP] --> GET /wd/hub/session/2918c5a2-b1f7-47be-b50e-e8311eb12660
[HTTP] {}
[HTTP] <-- GET /wd/hub/session/2918c5a2-b1f7-47be-b50e-e8311eb12660 200 17 ms - 1279
[HTTP] 
[HTTP] --> GET /wd/hub/session/2918c5a2-b1f7-47be-b50e-e8311eb12660/element/927e6cef-e6d5-496e-ae6b-07b355f0851e/location
[HTTP] {}
[W3C] Driver proxy active, passing request on via HTTP proxy
[JSONWP Proxy] Replacing sessionId daf531a8-6e7d-4003-b016-2696abf91b19 with 2918c5a2-b1f7-47be-b50e-e8311eb12660
[HTTP] <-- GET /wd/hub/session/2918c5a2-b1f7-47be-b50e-e8311eb12660/element/927e6cef-e6d5-496e-ae6b-07b355f0851e/location 200 24 ms - 91
[HTTP] 
[HTTP] --> POST /wd/hub/session/2918c5a2-b1f7-47be-b50e-e8311eb12660/touch/perform
[HTTP] {"actions":[{"action":"tap","options":{"element":"927e6cef-e6d5-496e-ae6b-07b355f0851e","x":1,"y":1}}]}
[UiAutomator2] calling get location: 927e6cef-e6d5-496e-ae6b-07b355f0851e
[HTTP] <-- POST /wd/hub/session/2918c5a2-b1f7-47be-b50e-e8311eb12660/touch/perform 200 1262 ms - 76
[HTTP] 
[HTTP] --> GET /wd/hub/session/2918c5a2-b1f7-47be-b50e-e8311eb12660/window/current/size
[HTTP] {}
[W3C] Driver proxy active, passing request on via HTTP proxy
[JSONWP Proxy] Replacing sessionId daf531a8-6e7d-4003-b016-2696abf91b19 with 2918c5a2-b1f7-47be-b50e-e8311eb12660
[HTTP] <-- GET /wd/hub/session/2918c5a2-b1f7-47be-b50e-e8311eb12660/window/current/size 200 153 ms - 100
[HTTP] 
[HTTP] --> POST /wd/hub/session/2918c5a2-b1f7-47be-b50e-e8311eb12660/elements
[HTTP] {"using":"-android uiautomator","value":"new UiSelector().className(\"android.widget.Button\").text(\"NEXT\").resourceId(\"com.getdreams:id/next_button\").instance(0)"}
[HTTP] <-- POST /wd/hub/session/2918c5a2-b1f7-47be-b50e-e8311eb12660/elements 200 93 ms - 124
[HTTP] 
[HTTP] --> GET /wd/hub/session/2918c5a2-b1f7-47be-b50e-e8311eb12660
[HTTP] {}
[HTTP] <-- GET /wd/hub/session/2918c5a2-b1f7-47be-b50e-e8311eb12660 200 13 ms - 1279
[HTTP] 
[HTTP] --> GET /wd/hub/session/2918c5a2-b1f7-47be-b50e-e8311eb12660
[HTTP] {}
[HTTP] <-- GET /wd/hub/session/2918c5a2-b1f7-47be-b50e-e8311eb12660 200 13 ms - 1279
[HTTP] 
[HTTP] --> GET /wd/hub/session/2918c5a2-b1f7-47be-b50e-e8311eb12660
[HTTP] {}
[HTTP] <-- GET /wd/hub/session/2918c5a2-b1f7-47be-b50e-e8311eb12660 200 13 ms - 1279
[HTTP] 
[HTTP] --> GET /wd/hub/session/2918c5a2-b1f7-47be-b50e-e8311eb12660
[HTTP] {}
[HTTP] <-- GET /wd/hub/session/2918c5a2-b1f7-47be-b50e-e8311eb12660 200 12 ms - 1279
[HTTP] 
[HTTP] --> GET /wd/hub/session/2918c5a2-b1f7-47be-b50e-e8311eb12660/element/fa210de7-1420-4fee-9a09-3fb6a05a1094/location
[HTTP] {}
[W3C] Driver proxy active, passing request on via HTTP proxy
[JSONWP Proxy] Replacing sessionId daf531a8-6e7d-4003-b016-2696abf91b19 with 2918c5a2-b1f7-47be-b50e-e8311eb12660
[HTTP] <-- GET /wd/hub/session/2918c5a2-b1f7-47be-b50e-e8311eb12660/element/fa210de7-1420-4fee-9a09-3fb6a05a1094/location 200 20 ms - 91
[HTTP] 
[HTTP] --> POST /wd/hub/session/2918c5a2-b1f7-47be-b50e-e8311eb12660/touch/perform
[HTTP] {"actions":[{"action":"tap","options":{"element":"fa210de7-1420-4fee-9a09-3fb6a05a1094","x":1,"y":1}}]}
[UiAutomator2] calling get location: fa210de7-1420-4fee-9a09-3fb6a05a1094
[HTTP] <-- POST /wd/hub/session/2918c5a2-b1f7-47be-b50e-e8311eb12660/touch/perform 200 1355 ms - 76
[HTTP] 
[HTTP] --> GET /wd/hub/session/2918c5a2-b1f7-47be-b50e-e8311eb12660/window/current/size
[HTTP] {}
[W3C] Driver proxy active, passing request on via HTTP proxy
[JSONWP Proxy] Replacing sessionId daf531a8-6e7d-4003-b016-2696abf91b19 with 2918c5a2-b1f7-47be-b50e-e8311eb12660
[HTTP] <-- GET /wd/hub/session/2918c5a2-b1f7-47be-b50e-e8311eb12660/window/current/size 200 51 ms - 100
[HTTP] 
[HTTP] --> POST /wd/hub/session/2918c5a2-b1f7-47be-b50e-e8311eb12660/elements
[HTTP] {"using":"-android uiautomator","value":"new UiSelector().className(\"android.widget.Button\").text(\"NEXT\").resourceId(\"com.getdreams:id/next_button\").instance(0)"}
[HTTP] <-- POST /wd/hub/session/2918c5a2-b1f7-47be-b50e-e8311eb12660/elements 200 59 ms - 124
[HTTP] 
[HTTP] --> GET /wd/hub/session/2918c5a2-b1f7-47be-b50e-e8311eb12660
[HTTP] {}
[HTTP] <-- GET /wd/hub/session/2918c5a2-b1f7-47be-b50e-e8311eb12660 200 24 ms - 1279
[HTTP] 
[HTTP] --> GET /wd/hub/session/2918c5a2-b1f7-47be-b50e-e8311eb12660
[HTTP] {}
[HTTP] <-- GET /wd/hub/session/2918c5a2-b1f7-47be-b50e-e8311eb12660 200 19 ms - 1279
[HTTP] 
[HTTP] --> GET /wd/hub/session/2918c5a2-b1f7-47be-b50e-e8311eb12660
[HTTP] {}
[HTTP] <-- GET /wd/hub/session/2918c5a2-b1f7-47be-b50e-e8311eb12660 200 24 ms - 1279
[HTTP] 
[HTTP] --> GET /wd/hub/session/2918c5a2-b1f7-47be-b50e-e8311eb12660
[HTTP] {}
[HTTP] <-- GET /wd/hub/session/2918c5a2-b1f7-47be-b50e-e8311eb12660 200 17 ms - 1279
[HTTP] 
[HTTP] --> GET /wd/hub/session/2918c5a2-b1f7-47be-b50e-e8311eb12660/element/cb610b04-fea0-4385-a614-67644920a841/location
[HTTP] {}
[W3C] Driver proxy active, passing request on via HTTP proxy
[JSONWP Proxy] Replacing sessionId daf531a8-6e7d-4003-b016-2696abf91b19 with 2918c5a2-b1f7-47be-b50e-e8311eb12660
[HTTP] <-- GET /wd/hub/session/2918c5a2-b1f7-47be-b50e-e8311eb12660/element/cb610b04-fea0-4385-a614-67644920a841/location 200 25 ms - 91
[HTTP] 
[HTTP] --> POST /wd/hub/session/2918c5a2-b1f7-47be-b50e-e8311eb12660/touch/perform
[HTTP] {"actions":[{"action":"tap","options":{"element":"cb610b04-fea0-4385-a614-67644920a841","x":1,"y":1}}]}
[UiAutomator2] calling get location: cb610b04-fea0-4385-a614-67644920a841
[HTTP] <-- POST /wd/hub/session/2918c5a2-b1f7-47be-b50e-e8311eb12660/touch/perform 200 3776 ms - 76
[HTTP] 
[HTTP] --> GET /wd/hub/session/2918c5a2-b1f7-47be-b50e-e8311eb12660/window/current/size
[HTTP] {}
[W3C] Driver proxy active, passing request on via HTTP proxy
[JSONWP Proxy] Replacing sessionId daf531a8-6e7d-4003-b016-2696abf91b19 with 2918c5a2-b1f7-47be-b50e-e8311eb12660
[HTTP] <-- GET /wd/hub/session/2918c5a2-b1f7-47be-b50e-e8311eb12660/window/current/size 200 25 ms - 100
[HTTP] 
[HTTP] --> POST /wd/hub/session/2918c5a2-b1f7-47be-b50e-e8311eb12660/elements
[HTTP] {"using":"-android uiautomator","value":"new UiSelector().className(\"android.widget.Button\").text(\"LOGIN\").resourceId(\"com.getdreams:id/login_button\").instance(0)"}
[HTTP] <-- POST /wd/hub/session/2918c5a2-b1f7-47be-b50e-e8311eb12660/elements 200 68 ms - 124
[HTTP] 
[HTTP] --> GET /wd/hub/session/2918c5a2-b1f7-47be-b50e-e8311eb12660
[HTTP] {}
[HTTP] <-- GET /wd/hub/session/2918c5a2-b1f7-47be-b50e-e8311eb12660 200 24 ms - 1279
[HTTP] 
[HTTP] --> GET /wd/hub/session/2918c5a2-b1f7-47be-b50e-e8311eb12660
[HTTP] {}
[HTTP] <-- GET /wd/hub/session/2918c5a2-b1f7-47be-b50e-e8311eb12660 200 14 ms - 1279
[HTTP] 
[HTTP] --> GET /wd/hub/session/2918c5a2-b1f7-47be-b50e-e8311eb12660
[HTTP] {}
[HTTP] <-- GET /wd/hub/session/2918c5a2-b1f7-47be-b50e-e8311eb12660 200 15 ms - 1279
[HTTP] 
[HTTP] --> GET /wd/hub/session/2918c5a2-b1f7-47be-b50e-e8311eb12660
[HTTP] {}
[HTTP] <-- GET /wd/hub/session/2918c5a2-b1f7-47be-b50e-e8311eb12660 200 13 ms - 1279
[HTTP] 
[HTTP] --> GET /wd/hub/session/2918c5a2-b1f7-47be-b50e-e8311eb12660/element/e1a61bfb-f24c-4496-a920-fc0c4bf343cb/location
[HTTP] {}
[W3C] Driver proxy active, passing request on via HTTP proxy
[JSONWP Proxy] Replacing sessionId daf531a8-6e7d-4003-b016-2696abf91b19 with 2918c5a2-b1f7-47be-b50e-e8311eb12660
[HTTP] <-- GET /wd/hub/session/2918c5a2-b1f7-47be-b50e-e8311eb12660/element/e1a61bfb-f24c-4496-a920-fc0c4bf343cb/location 200 26 ms - 90
[HTTP] 
[HTTP] --> GET /wd/hub/session/2918c5a2-b1f7-47be-b50e-e8311eb12660/window/current/size
[HTTP] {}
[W3C] Driver proxy active, passing request on via HTTP proxy
[JSONWP Proxy] Replacing sessionId daf531a8-6e7d-4003-b016-2696abf91b19 with 2918c5a2-b1f7-47be-b50e-e8311eb12660
[HTTP] <-- GET /wd/hub/session/2918c5a2-b1f7-47be-b50e-e8311eb12660/window/current/size 200 31 ms - 100
[HTTP] 
[HTTP] --> POST /wd/hub/session/2918c5a2-b1f7-47be-b50e-e8311eb12660/elements
[HTTP] {"using":"-android uiautomator","value":"new UiSelector().className(\"android.widget.Button\").text(\"BECOME A USER\").resourceId(\"com.getdreams:id/become_user_button\").instance(1)"}
[HTTP] <-- POST /wd/hub/session/2918c5a2-b1f7-47be-b50e-e8311eb12660/elements 200 73 ms - 124
[HTTP] 
[HTTP] --> GET /wd/hub/session/2918c5a2-b1f7-47be-b50e-e8311eb12660
[HTTP] {}
[HTTP] <-- GET /wd/hub/session/2918c5a2-b1f7-47be-b50e-e8311eb12660 200 30 ms - 1279
[HTTP] 
[HTTP] --> GET /wd/hub/session/2918c5a2-b1f7-47be-b50e-e8311eb12660
[HTTP] {}
[HTTP] <-- GET /wd/hub/session/2918c5a2-b1f7-47be-b50e-e8311eb12660 200 18 ms - 1279
[HTTP] 
[HTTP] --> GET /wd/hub/session/2918c5a2-b1f7-47be-b50e-e8311eb12660
[HTTP] {}
[HTTP] <-- GET /wd/hub/session/2918c5a2-b1f7-47be-b50e-e8311eb12660 200 23 ms - 1279
[HTTP] 
[HTTP] --> GET /wd/hub/session/2918c5a2-b1f7-47be-b50e-e8311eb12660
[HTTP] {}
[HTTP] <-- GET /wd/hub/session/2918c5a2-b1f7-47be-b50e-e8311eb12660 200 14 ms - 1279
[HTTP] 
[HTTP] --> GET /wd/hub/session/2918c5a2-b1f7-47be-b50e-e8311eb12660/element/c1a354cd-820b-4ebe-bb60-9b06e9caf34d/location
[HTTP] {}
[W3C] Driver proxy active, passing request on via HTTP proxy
[JSONWP Proxy] Replacing sessionId daf531a8-6e7d-4003-b016-2696abf91b19 with 2918c5a2-b1f7-47be-b50e-e8311eb12660
[HTTP] <-- GET /wd/hub/session/2918c5a2-b1f7-47be-b50e-e8311eb12660/element/c1a354cd-820b-4ebe-bb60-9b06e9caf34d/location 200 33 ms - 90
[HTTP] 
[HTTP] --> GET /wd/hub/session/2918c5a2-b1f7-47be-b50e-e8311eb12660/element/c1a354cd-820b-4ebe-bb60-9b06e9caf34d/displayed
[HTTP] {}
[HTTP] <-- GET /wd/hub/session/2918c5a2-b1f7-47be-b50e-e8311eb12660/element/c1a354cd-820b-4ebe-bb60-9b06e9caf34d/displayed 200 22 ms - 76
[HTTP] 
[HTTP] --> GET /wd/hub/session/2918c5a2-b1f7-47be-b50e-e8311eb12660/window/current/size
[HTTP] {}
[W3C] Driver proxy active, passing request on via HTTP proxy
[JSONWP Proxy] Replacing sessionId daf531a8-6e7d-4003-b016-2696abf91b19 with 2918c5a2-b1f7-47be-b50e-e8311eb12660
[HTTP] <-- GET /wd/hub/session/2918c5a2-b1f7-47be-b50e-e8311eb12660/window/current/size 200 24 ms - 100
[HTTP] 
[HTTP] --> POST /wd/hub/session/2918c5a2-b1f7-47be-b50e-e8311eb12660/elements
[HTTP] {"using":"-android uiautomator","value":"new UiSelector().className(\"android.widget.TextView\").text(\"Save money for your dreams.\").resourceId(\"com.getdreams:id/welcome_string1\").instance(0)"}
[HTTP] <-- POST /wd/hub/session/2918c5a2-b1f7-47be-b50e-e8311eb12660/elements 200 53 ms - 124
[HTTP] 
[HTTP] --> GET /wd/hub/session/2918c5a2-b1f7-47be-b50e-e8311eb12660
[HTTP] {}
[HTTP] <-- GET /wd/hub/session/2918c5a2-b1f7-47be-b50e-e8311eb12660 200 29 ms - 1279
[HTTP] 
[HTTP] --> GET /wd/hub/session/2918c5a2-b1f7-47be-b50e-e8311eb12660
[HTTP] {}
[HTTP] <-- GET /wd/hub/session/2918c5a2-b1f7-47be-b50e-e8311eb12660 200 17 ms - 1279
[HTTP] 
[HTTP] --> GET /wd/hub/session/2918c5a2-b1f7-47be-b50e-e8311eb12660
[HTTP] {}
[HTTP] <-- GET /wd/hub/session/2918c5a2-b1f7-47be-b50e-e8311eb12660 200 17 ms - 1279
[HTTP] 
[HTTP] --> GET /wd/hub/session/2918c5a2-b1f7-47be-b50e-e8311eb12660
[HTTP] {}
[HTTP] <-- GET /wd/hub/session/2918c5a2-b1f7-47be-b50e-e8311eb12660 200 20 ms - 1279
[HTTP] 
[HTTP] --> GET /wd/hub/session/2918c5a2-b1f7-47be-b50e-e8311eb12660/element/ac9b4374-d912-402f-afa7-21518df921c3/location
[HTTP] {}
[W3C] Driver proxy active, passing request on via HTTP proxy
[JSONWP Proxy] Replacing sessionId daf531a8-6e7d-4003-b016-2696abf91b19 with 2918c5a2-b1f7-47be-b50e-e8311eb12660
[HTTP] <-- GET /wd/hub/session/2918c5a2-b1f7-47be-b50e-e8311eb12660/element/ac9b4374-d912-402f-afa7-21518df921c3/location 200 40 ms - 89
[HTTP] 
[HTTP] --> GET /wd/hub/session/2918c5a2-b1f7-47be-b50e-e8311eb12660/element/ac9b4374-d912-402f-afa7-21518df921c3/text
[HTTP] {}
[W3C] Driver proxy active, passing request on via HTTP proxy
[JSONWP Proxy] Replacing sessionId daf531a8-6e7d-4003-b016-2696abf91b19 with 2918c5a2-b1f7-47be-b50e-e8311eb12660
[HTTP] <-- GET /wd/hub/session/2918c5a2-b1f7-47be-b50e-e8311eb12660/element/ac9b4374-d912-402f-afa7-21518df921c3/text 200 31 ms - 101
[HTTP] 
[HTTP] --> DELETE /wd/hub/session/2918c5a2-b1f7-47be-b50e-e8311eb12660
[HTTP] {}
[Appium] Removing session 2918c5a2-b1f7-47be-b50e-e8311eb12660 from our master session list
[ADB] com.getdreams was successfully uninstalled
[HTTP] <-- DELETE /wd/hub/session/2918c5a2-b1f7-47be-b50e-e8311eb12660 200 2894 ms - 76
[HTTP] 
